This is pdfTeX, Version 3.141592653-2.6-1.40.26 (TeX Live 2024/nixos.org) (preloaded format=pdflatex 1980.1.1)  7 DEC 2025 12:06
entering extended mode
 restricted \write18 enabled.
 %&-line parsing enabled.
**EIRMNTG.tex
(./EIRMNTG.tex
LaTeX2e <2024-11-01> patch level 2
L3 programming layer <2025-01-18>

(/nix/store/ap5mc7d6fv81vkni4ywyvd2mcwyi6i57-texlive-2024-env-texmfdist/tex/lat
ex/base/article.cls
Document Class: article 2024/06/29 v1.4n Standard LaTeX document class

(/nix/store/ap5mc7d6fv81vkni4ywyvd2mcwyi6i57-texlive-2024-env-texmfdist/tex/lat
ex/base/size10.clo
File: size10.clo 2024/06/29 v1.4n Standard LaTeX file (size option)
)
\c@part=\count196
\c@section=\count197
\c@subsection=\count198
\c@subsubsection=\count199
\c@paragraph=\count266
\c@subparagraph=\count267
\c@figure=\count268
\c@table=\count269
\abovecaptionskip=\skip49
\belowcaptionskip=\skip50
\bibindent=\dimen141
)
(/nix/store/ap5mc7d6fv81vkni4ywyvd2mcwyi6i57-texlive-2024-env-texmfdist/tex/lat
ex/l3backend/l3backend-pdftex.def
File: l3backend-pdftex.def 2024-05-08 L3 backend support: PDF output (pdfTeX)
\l__color_backend_stack_int=\count270
\l__pdf_internal_box=\box52
) (./EIRMNTG.aux)
\openout1 = `EIRMNTG.aux'.

LaTeX Font Info:    Checking defaults for OML/cmm/m/it on input line 6.
LaTeX Font Info:    ... okay on input line 6.
LaTeX Font Info:    Checking defaults for OMS/cmsy/m/n on input line 6.
LaTeX Font Info:    ... okay on input line 6.
LaTeX Font Info:    Checking defaults for OT1/cmr/m/n on input line 6.
LaTeX Font Info:    ... okay on input line 6.
LaTeX Font Info:    Checking defaults for T1/cmr/m/n on input line 6.
LaTeX Font Info:    ... okay on input line 6.
LaTeX Font Info:    Checking defaults for TS1/cmr/m/n on input line 6.
LaTeX Font Info:    ... okay on input line 6.
LaTeX Font Info:    Checking defaults for OMX/cmex/m/n on input line 6.
LaTeX Font Info:    ... okay on input line 6.
LaTeX Font Info:    Checking defaults for U/cmr/m/n on input line 6.
LaTeX Font Info:    ... okay on input line 6.
LaTeX Font Info:    External font `cmex10' loaded for size
(Font)              <12> on input line 11.
LaTeX Font Info:    External font `cmex10' loaded for size
(Font)              <8> on input line 11.
LaTeX Font Info:    External font `cmex10' loaded for size
(Font)              <6> on input line 11.


[1

{/nix/store/8avyhghjamn3kyk522jk3zzh24zp4r4y-texlive-2024-env/share/texmf-var/f
onts/map/pdftex/updmap/pdftex.map}]

[1]

[1] (./EIRMNTG.toc
LaTeX Font Info:    External font `cmex10' loaded for size
(Font)              <7> on input line 2.
LaTeX Font Info:    External font `cmex10' loaded for size
(Font)              <5> on input line 2.
)
\tf@toc=\write3
\openout3 = `EIRMNTG.toc'.



[2]

[3

] (./EIRMNTG.aux)
 ***********
LaTeX2e <2024-11-01> patch level 2
L3 programming layer <2025-01-18>
 ***********
 ) 
Here is how much of TeX's memory you used:
 476 strings out of 474665
 9234 string characters out of 5742243
 392444 words of memory out of 5000000
 23581 multiletter control sequences out of 15000+600000
 563092 words of font info for 50 fonts, out of 8000000 for 9000
 319 hyphenation exceptions out of 8191
 35i,7n,50p,136b,196s stack positions out of 10000i,1000n,20000p,200000b,200000s
</nix/store/ap5mc7d6fv81vkni4ywyvd2mcwyi6i57-texlive-2024-env-texmfdist/fonts
/type1/public/amsfonts/cm/cmbx10.pfb></nix/store/ap5mc7d6fv81vkni4ywyvd2mcwyi6i
57-texlive-2024-env-texmfdist/fonts/type1/public/amsfonts/cm/cmbx12.pfb></nix/s
tore/ap5mc7d6fv81vkni4ywyvd2mcwyi6i57-texlive-2024-env-texmfdist/fonts/type1/pu
blic/amsfonts/cm/cmr10.pfb></nix/store/ap5mc7d6fv81vkni4ywyvd2mcwyi6i57-texlive
-2024-env-texmfdist/fonts/type1/public/amsfonts/cm/cmr12.pfb></nix/store/ap5mc7
d6fv81vkni4ywyvd2mcwyi6i57-texlive-2024-env-texmfdist/fonts/type1/public/amsfon
ts/cm/cmr17.pfb>
Output written on EIRMNTG.pdf (5 pages, 63952 bytes).
PDF statistics:
 45 PDF objects out of 1000 (max. 8388607)
 27 compressed objects within 1 object stream
 0 named destinations out of 1000 (max. 500000)
 1 words of extra memory for PDF output out of 10000 (max. 10000000)

